<?xml version="1.0" encoding="UTF-8"?>
<!-- Generated by org.testng.reporters.JUnitXMLReporter -->
<testsuite hostname="HL161183" name="TC_2" tests="2" failures="1" timestamp="18 Jan 2019 07:30:32 GMT" time="40.391" errors="0">
  <testcase name="loginTest" time="33.817" classname="com.hbaxa.testcases.TC_LoginTest_001">
    <skipped/>
  </testcase> <!-- loginTest -->
  <testcase name="loginTest" time="2.016" classname="com.hbaxa.testcases.TC_LoginTest_001">
    <failure type="java.lang.AssertionError" message="expected [true] but found [false]">
      <![CDATA[java.lang.AssertionError: expected [true] but found [false]
	at com.hbaxa.testcases.TC_LoginTest_001.loginTest(TC_LoginTest_001.java:49)
... Removed 28 stack frames]]>
    </failure>
  </testcase> <!-- loginTest -->
</testsuite> <!-- TC_2 -->
