<?xml version="1.0" encoding="UTF-8"?>
<!-- Generated by org.testng.reporters.JUnitXMLReporter -->
<testsuite hostname="ETPLGGN-434MMJ2" failures="0" tests="9" name="TC_PA_Life" time="10.505" errors="0" timestamp="4 Jun 2024 13:08:46 GMT">
  <testcase classname="com.hbaxa.testcases.TC_PATest_001" name="@BeforeClass setup" time="0.0">
    <failure type="java.lang.NullPointerException" message="null value in entry: url=null">
      <![CDATA[java.lang.NullPointerException: null value in entry: url=null
	at com.google.common.collect.CollectPreconditions.checkEntryNotNull(CollectPreconditions.java:32)
	at com.google.common.collect.SingletonImmutableBiMap.<init>(SingletonImmutableBiMap.java:42)
	at com.google.common.collect.ImmutableBiMap.of(ImmutableBiMap.java:72)
	at com.google.common.collect.ImmutableMap.of(ImmutableMap.java:124)
	at org.openqa.selenium.remote.RemoteWebDriver.get(RemoteWebDriver.java:273)
	at com.hbaxa.testcases.BaseClass.setup(BaseClass.java:141)
... Removed 22 stack frames]]>
    </failure>
  </testcase> <!-- @BeforeClass setup -->
  <testcase classname="com.hbaxa.testcases.TC_PATest_001" name="@AfterClass quitBrowser" time="0.0">
    <skipped/>
  </testcase> <!-- @AfterClass quitBrowser -->
  <testcase classname="com.hbaxa.testcases.TC_PATestAdjustment_001" name="@BeforeClass setup" time="0.0">
    <skipped/>
  </testcase> <!-- @BeforeClass setup -->
  <testcase classname="com.hbaxa.testcases.TC_PATestAdjustment_001" name="@AfterClass quitBrowser" time="0.0">
    <skipped/>
  </testcase> <!-- @AfterClass quitBrowser -->
  <testcase classname="com.hbaxa.testcases.TC_PATest_001" name="paTestManual" time="0.002">
    <skipped/>
  </testcase> <!-- paTestManual -->
  <testcase classname="com.hbaxa.testcases.TC_PATest_001" name="palistSearch" time="0.0">
    <skipped/>
  </testcase> <!-- palistSearch -->
  <testcase classname="com.hbaxa.testcases.TC_PATest_001" name="indexPASearch" time="0.0">
    <skipped/>
  </testcase> <!-- indexPASearch -->
  <testcase classname="com.hbaxa.testcases.TC_PATest_001" name="paActivityLog" time="0.0">
    <skipped/>
  </testcase> <!-- paActivityLog -->
  <testcase classname="com.hbaxa.testcases.TC_PATest_001" name="paGenerateLetter" time="0.0">
    <skipped/>
  </testcase> <!-- paGenerateLetter -->
  <testcase classname="com.hbaxa.testcases.TC_PATest_001" name="paViewpage" time="0.0">
    <skipped/>
  </testcase> <!-- paViewpage -->
  <testcase classname="com.hbaxa.testcases.TC_PATestAdjustment_001" name="paTestAdjustment" time="0.008">
    <skipped/>
  </testcase> <!-- paTestAdjustment -->
  <testcase classname="com.hbaxa.testcases.TC_PATestAdjustment_001" name="palistSearchAdjustment" time="0.0">
    <skipped/>
  </testcase> <!-- palistSearchAdjustment -->
  <testcase classname="com.hbaxa.testcases.TC_PATestAdjustment_001" name="palistAdjustmentLogLetter" time="0.0">
    <skipped/>
  </testcase> <!-- palistAdjustmentLogLetter -->
</testsuite> <!-- TC_PA_Life -->
