<?xml version="1.0" encoding="UTF-8"?>
<!-- Generated by org.testng.reporters.JUnitXMLReporter -->
<testsuite hostname="ETPLGGN-434MMJ2" failures="0" tests="4" name="TC_Reimbursment_Life" time="1.213" errors="0" timestamp="4 Jun 2024 13:08:47 GMT">
  <testcase classname="com.hbaxa.testcases.TC_ReimDCTestManual_001" name="@BeforeClass setup" time="0.0">
    <failure type="java.lang.NullPointerException" message="null value in entry: url=null">
      <![CDATA[java.lang.NullPointerException: null value in entry: url=null
	at com.google.common.collect.CollectPreconditions.checkEntryNotNull(CollectPreconditions.java:32)
	at com.google.common.collect.SingletonImmutableBiMap.<init>(SingletonImmutableBiMap.java:42)
	at com.google.common.collect.ImmutableBiMap.of(ImmutableBiMap.java:72)
	at com.google.common.collect.ImmutableMap.of(ImmutableMap.java:124)
	at org.openqa.selenium.remote.RemoteWebDriver.get(RemoteWebDriver.java:273)
	at com.hbaxa.testcases.BaseClass.setup(BaseClass.java:141)
... Removed 22 stack frames]]>
    </failure>
  </testcase> <!-- @BeforeClass setup -->
  <testcase classname="com.hbaxa.testcases.TC_ReimDCTestManual_001" name="@AfterClass quitBrowser" time="0.0">
    <skipped/>
  </testcase> <!-- @AfterClass quitBrowser -->
  <testcase classname="com.hbaxa.testcases.TC_ReimDCTestManual_001" name="loginLevel0Test" time="0.001">
    <skipped/>
  </testcase> <!-- loginLevel0Test -->
  <testcase classname="com.hbaxa.testcases.TC_ReimDCTestManual_001" name="reimDCaptureManual" time="0.0">
    <skipped/>
  </testcase> <!-- reimDCaptureManual -->
  <testcase classname="com.hbaxa.testcases.TC_ReimDCTestManual_001" name="reimDCaptureSearchClaim" time="0.0">
    <skipped/>
  </testcase> <!-- reimDCaptureSearchClaim -->
  <testcase classname="com.hbaxa.testcases.TC_ReimDCTestManual_001" name="logoutLevel0Test" time="0.0">
    <skipped/>
  </testcase> <!-- logoutLevel0Test -->
</testsuite> <!-- TC_Reimbursment_Life -->
